<?xml version="1.0" encoding="UTF-8"?>
<!-- Generated by org.testng.reporters.JUnitXMLReporter -->
<testsuite ignored="0" hostname="LAPTOP-L8BS8AR8" failures="1" tests="1" name="Test1" time="0.036" errors="0" timestamp="02 Sep 2022 06:03:02 GMT">
  <testcase classname="com.timekeeping.actiTime.selenium.basicTestCase.ToPerformCrossBrowserTesting" name="cross" time="0.0">
    <failure type="org.testng.TestNGException" message="
Parameter &amp;apos;borwser&amp;apos; is required by @Test on method cross but has not been marked @Optional or defined
in C:\Users\acer\eclipse-workspace\Selenium\com.timekeeping.actiTime.selenium\CrossBrowserTestingtestng.xml">
      <![CDATA[org.testng.TestNGException: 
Parameter 'borwser' is required by @Test on method cross but has not been marked @Optional or defined
in C:\Users\acer\eclipse-workspace\Selenium\com.timekeeping.actiTime.selenium\CrossBrowserTestingtestng.xml
at java.base/java.util.concurrent.FutureTask.run(FutureTask.java:264)
at java.base/java.util.concurrent.ThreadPoolExecutor.runWorker(ThreadPoolExecutor.java:1130)
at java.base/java.util.concurrent.ThreadPoolExecutor$Worker.run(ThreadPoolExecutor.java:630)
at java.base/java.lang.Thread.run(Thread.java:831)
... Removed 15 stack frames]]>
    </failure>
  </testcase> <!-- cross -->
</testsuite> <!-- Test1 -->
